<?xml version="1.0" encoding="UTF-8"?>
<testsuite xmlns:xsi="http://www.w3.org/2001/XMLSchema-instance" xsi:noNamespaceSchemaLocation="https://maven.apache.org/surefire/maven-surefire-plugin/xsd/surefire-test-report-3.0.xsd" version="3.0" name="ar.edu.unq.cucumber.eliminaciondeproducto.EliminacionDeProductoTest" time="9.641" tests="2" errors="0" skipped="0" failures="0">
  <properties>
[...]
</properties>
  <testcase name="Al seleccionar un proveedor y se despliegan todos los productos del proveedor" classname="Eliminacion de Producto" time="3.823"/>
  <testcase name="Al presionar el icono de eliminar se elimina el producto y se recibe una notificación de baja exitosa" classname="Eliminacion de Producto" time="5.809"/>
</testsuite>